<?xml version="1.0" encoding="UTF-8"?>
<testng-results skipped="0" failed="0" ignored="0" total="1" passed="1">
  <reporter-output>
  </reporter-output>
  <suite name="Default suite" duration-ms="43695" started-at="2017-08-01T16:47:35Z" finished-at="2017-08-01T16:48:18Z">
    <groups>
    </groups>
    <test name="Default test" duration-ms="43695" started-at="2017-08-01T16:47:35Z" finished-at="2017-08-01T16:48:18Z">
      <class name="com.epam.lab.gmail.GmailTest">
        <test-method status="PASS" signature="setUp()[pri:0, instance:com.epam.lab.gmail.GmailTest@5383967b]" name="setUp" is-config="true" duration-ms="11" started-at="2017-08-01T19:47:35Z" finished-at="2017-08-01T19:47:35Z">
          <reporter-output>
          </reporter-output>
        </test-method> <!-- setUp -->
        <test-method status="PASS" signature="markMessagesToImportantAndDelete()[pri:0, instance:com.epam.lab.gmail.GmailTest@5383967b]" name="markMessagesToImportantAndDelete" duration-ms="42735" started-at="2017-08-01T19:47:35Z" finished-at="2017-08-01T19:48:17Z">
          <reporter-output>
          </reporter-output>
        </test-method> <!-- markMessagesToImportantAndDelete -->
        <test-method status="PASS" signature="after()[pri:0, instance:com.epam.lab.gmail.GmailTest@5383967b]" name="after" is-config="true" duration-ms="932" started-at="2017-08-01T19:48:17Z" finished-at="2017-08-01T19:48:18Z">
          <reporter-output>
          </reporter-output>
        </test-method> <!-- after -->
      </class> <!-- com.epam.lab.gmail.GmailTest -->
    </test> <!-- Default test -->
  </suite> <!-- Default suite -->
</testng-results>
